{"/Users/semhartesfu/FutureProof/LAP3/music-react/src/App.js": {"path":"/Users/semhartesfu/FutureProof/LAP3/music-react/src/App.js","statementMap":{"0":{"start":{"line":9,"column":3},"end":{"line":28,"column":4}}},"fnMap":{"0":{"name":"App","decl":{"start":{"line":8,"column":9},"end":{"line":8,"column":12}},"loc":{"start":{"line":8,"column":16},"end":{"line":29,"column":1}},"line":8}},"branchMap":{},"s":{"0":2},"f":{"0":2},"b":{},"_coverageSchema":"1a1c01bbd47fc00a2c39e90264f33305004495a9","hash":"720b81493f3a6d3a4a43edfafef7235e6d19c3c9"}
,"/Users/semhartesfu/FutureProof/LAP3/music-react/src/components/index.js": {"path":"/Users/semhartesfu/FutureProof/LAP3/music-react/src/components/index.js","statementMap":{},"fnMap":{},"branchMap":{},"s":{},"f":{},"b":{},"_coverageSchema":"1a1c01bbd47fc00a2c39e90264f33305004495a9","hash":"72e17f56eeb5b41655a80e91190a3622dffa9f60"}
,"/Users/semhartesfu/FutureProof/LAP3/music-react/src/components/Albums/index.js": {"path":"/Users/semhartesfu/FutureProof/LAP3/music-react/src/components/Albums/index.js","statementMap":{"0":{"start":{"line":5,"column":15},"end":{"line":33,"column":1}},"1":{"start":{"line":7,"column":42},"end":{"line":7,"column":52}},"2":{"start":{"line":9,"column":26},"end":{"line":9,"column":71}},"3":{"start":{"line":9,"column":32},"end":{"line":9,"column":71}},"4":{"start":{"line":9,"column":60},"end":{"line":9,"column":70}},"5":{"start":{"line":12,"column":4},"end":{"line":32,"column":5}}},"fnMap":{"0":{"name":"(anonymous_0)","decl":{"start":{"line":5,"column":15},"end":{"line":5,"column":16}},"loc":{"start":{"line":5,"column":30},"end":{"line":33,"column":1}},"line":5},"1":{"name":"(anonymous_1)","decl":{"start":{"line":9,"column":26},"end":{"line":9,"column":27}},"loc":{"start":{"line":9,"column":32},"end":{"line":9,"column":71}},"line":9},"2":{"name":"(anonymous_2)","decl":{"start":{"line":9,"column":47},"end":{"line":9,"column":48}},"loc":{"start":{"line":9,"column":60},"end":{"line":9,"column":70}},"line":9}},"branchMap":{"0":{"loc":{"start":{"line":25,"column":24},"end":{"line":26,"column":120}},"type":"cond-expr","locations":[{"start":{"line":25,"column":38},"end":{"line":25,"column":49}},{"start":{"line":26,"column":30},"end":{"line":26,"column":120}}],"line":25}},"s":{"0":3,"1":0,"2":0,"3":0,"4":0,"5":0},"f":{"0":0,"1":0,"2":0},"b":{"0":[0,0]},"_coverageSchema":"1a1c01bbd47fc00a2c39e90264f33305004495a9","hash":"bc68ac648e91cd12d0b84d84175f3a8b5d34a942"}
,"/Users/semhartesfu/FutureProof/LAP3/music-react/src/components/BackButton/index.js": {"path":"/Users/semhartesfu/FutureProof/LAP3/music-react/src/components/BackButton/index.js","statementMap":{"0":{"start":{"line":6,"column":20},"end":{"line":6,"column":32}},"1":{"start":{"line":8,"column":4},"end":{"line":13,"column":5}}},"fnMap":{"0":{"name":"BackButton","decl":{"start":{"line":5,"column":9},"end":{"line":5,"column":19}},"loc":{"start":{"line":5,"column":21},"end":{"line":14,"column":1}},"line":5}},"branchMap":{},"s":{"0":4,"1":3},"f":{"0":4},"b":{},"_coverageSchema":"1a1c01bbd47fc00a2c39e90264f33305004495a9","hash":"d8b4e773649e4bbc421a13bdfffdb6b30f1efb89"}
,"/Users/semhartesfu/FutureProof/LAP3/music-react/src/components/ExploreButton/index.js": {"path":"/Users/semhartesfu/FutureProof/LAP3/music-react/src/components/ExploreButton/index.js","statementMap":{"0":{"start":{"line":6,"column":4},"end":{"line":18,"column":5}}},"fnMap":{"0":{"name":"goToAlbumPage","decl":{"start":{"line":5,"column":9},"end":{"line":5,"column":22}},"loc":{"start":{"line":5,"column":24},"end":{"line":20,"column":5}},"line":5}},"branchMap":{},"s":{"0":1},"f":{"0":1},"b":{},"_coverageSchema":"1a1c01bbd47fc00a2c39e90264f33305004495a9","hash":"5b9577fafc2f845dcd0939e66c5e98f11a23150a"}
,"/Users/semhartesfu/FutureProof/LAP3/music-react/src/components/Greeting/index.js": {"path":"/Users/semhartesfu/FutureProof/LAP3/music-react/src/components/Greeting/index.js","statementMap":{"0":{"start":{"line":5,"column":36},"end":{"line":5,"column":48}},"1":{"start":{"line":6,"column":38},"end":{"line":6,"column":50}},"2":{"start":{"line":9,"column":24},"end":{"line":9,"column":57}},"3":{"start":{"line":9,"column":29},"end":{"line":9,"column":57}},"4":{"start":{"line":11,"column":29},"end":{"line":15,"column":5}},"5":{"start":{"line":12,"column":8},"end":{"line":12,"column":26}},"6":{"start":{"line":13,"column":8},"end":{"line":13,"column":30}},"7":{"start":{"line":14,"column":8},"end":{"line":14,"column":24}},"8":{"start":{"line":17,"column":4},"end":{"line":27,"column":5}}},"fnMap":{"0":{"name":"Greeting","decl":{"start":{"line":4,"column":9},"end":{"line":4,"column":17}},"loc":{"start":{"line":4,"column":20},"end":{"line":28,"column":1}},"line":4},"1":{"name":"(anonymous_1)","decl":{"start":{"line":9,"column":24},"end":{"line":9,"column":25}},"loc":{"start":{"line":9,"column":29},"end":{"line":9,"column":57}},"line":9},"2":{"name":"(anonymous_2)","decl":{"start":{"line":11,"column":29},"end":{"line":11,"column":30}},"loc":{"start":{"line":11,"column":34},"end":{"line":15,"column":5}},"line":11}},"branchMap":{"0":{"loc":{"start":{"line":19,"column":63},"end":{"line":19,"column":94}},"type":"cond-expr","locations":[{"start":{"line":19,"column":74},"end":{"line":19,"column":82}},{"start":{"line":19,"column":84},"end":{"line":19,"column":94}}],"line":19}},"s":{"0":16,"1":16,"2":16,"3":12,"4":16,"5":1,"6":1,"7":1,"8":16},"f":{"0":16,"1":12,"2":1},"b":{"0":[1,15]},"_coverageSchema":"1a1c01bbd47fc00a2c39e90264f33305004495a9","hash":"b21865566f1c1807aad169cca6de6306dab11ce2"}
,"/Users/semhartesfu/FutureProof/LAP3/music-react/src/components/IndividualPhotos/index.js": {"path":"/Users/semhartesfu/FutureProof/LAP3/music-react/src/components/IndividualPhotos/index.js","statementMap":{"0":{"start":{"line":6,"column":15},"end":{"line":6,"column":26}},"1":{"start":{"line":7,"column":4},"end":{"line":7,"column":25}},"2":{"start":{"line":8,"column":4},"end":{"line":17,"column":5}},"3":{"start":{"line":18,"column":4},"end":{"line":18,"column":25}}},"fnMap":{"0":{"name":"GetIndividualPhoto","decl":{"start":{"line":5,"column":9},"end":{"line":5,"column":27}},"loc":{"start":{"line":5,"column":36},"end":{"line":19,"column":1}},"line":5}},"branchMap":{},"s":{"0":0,"1":0,"2":0,"3":0},"f":{"0":0},"b":{},"_coverageSchema":"1a1c01bbd47fc00a2c39e90264f33305004495a9","hash":"c0ac4d57778ebd9e2dc38c4eb7028d97535375cf"}
,"/Users/semhartesfu/FutureProof/LAP3/music-react/src/components/LikeButton/index.js": {"path":"/Users/semhartesfu/FutureProof/LAP3/music-react/src/components/LikeButton/index.js","statementMap":{"0":{"start":{"line":5,"column":28},"end":{"line":5,"column":45}},"1":{"start":{"line":6,"column":40},"end":{"line":6,"column":64}},"2":{"start":{"line":10,"column":8},"end":{"line":10,"column":49}},"3":{"start":{"line":14,"column":8},"end":{"line":14,"column":27}},"4":{"start":{"line":15,"column":8},"end":{"line":15,"column":24}},"5":{"start":{"line":16,"column":8},"end":{"line":16,"column":39}},"6":{"start":{"line":28,"column":4},"end":{"line":36,"column":5}}},"fnMap":{"0":{"name":"LikeButton","decl":{"start":{"line":4,"column":9},"end":{"line":4,"column":19}},"loc":{"start":{"line":4,"column":27},"end":{"line":37,"column":1}},"line":4},"1":{"name":"randomNumber","decl":{"start":{"line":9,"column":13},"end":{"line":9,"column":25}},"loc":{"start":{"line":9,"column":28},"end":{"line":11,"column":5}},"line":9},"2":{"name":"handleLikeButton","decl":{"start":{"line":13,"column":13},"end":{"line":13,"column":29}},"loc":{"start":{"line":13,"column":33},"end":{"line":25,"column":5}},"line":13}},"branchMap":{"0":{"loc":{"start":{"line":31,"column":93},"end":{"line":31,"column":119}},"type":"cond-expr","locations":[{"start":{"line":31,"column":101},"end":{"line":31,"column":107}},{"start":{"line":31,"column":110},"end":{"line":31,"column":119}}],"line":31}},"s":{"0":3,"1":3,"2":3,"3":1,"4":1,"5":1,"6":3},"f":{"0":3,"1":3,"2":1},"b":{"0":[2,1]},"_coverageSchema":"1a1c01bbd47fc00a2c39e90264f33305004495a9","hash":"e67aeaad25ce63232e62af945c522c413f084fe7"}
,"/Users/semhartesfu/FutureProof/LAP3/music-react/src/components/Listen/index.js": {"path":"/Users/semhartesfu/FutureProof/LAP3/music-react/src/components/Listen/index.js","statementMap":{"0":{"start":{"line":4,"column":15},"end":{"line":44,"column":1}},"1":{"start":{"line":5,"column":32},"end":{"line":5,"column":42}},"2":{"start":{"line":6,"column":31},"end":{"line":6,"column":41}},"3":{"start":{"line":8,"column":4},"end":{"line":24,"column":10}},"4":{"start":{"line":10,"column":12},"end":{"line":21,"column":13}},"5":{"start":{"line":17,"column":16},"end":{"line":17,"column":37}},"6":{"start":{"line":20,"column":16},"end":{"line":20,"column":37}},"7":{"start":{"line":23,"column":8},"end":{"line":23,"column":22}},"8":{"start":{"line":26,"column":28},"end":{"line":32,"column":5}},"9":{"start":{"line":27,"column":8},"end":{"line":27,"column":26}},"10":{"start":{"line":29,"column":8},"end":{"line":29,"column":40}},"11":{"start":{"line":30,"column":8},"end":{"line":30,"column":44}},"12":{"start":{"line":35,"column":4},"end":{"line":43,"column":5}}},"fnMap":{"0":{"name":"(anonymous_0)","decl":{"start":{"line":4,"column":15},"end":{"line":4,"column":16}},"loc":{"start":{"line":4,"column":26},"end":{"line":44,"column":1}},"line":4},"1":{"name":"(anonymous_1)","decl":{"start":{"line":8,"column":14},"end":{"line":8,"column":15}},"loc":{"start":{"line":8,"column":20},"end":{"line":24,"column":5}},"line":8},"2":{"name":"listenToSong","decl":{"start":{"line":9,"column":23},"end":{"line":9,"column":35}},"loc":{"start":{"line":9,"column":37},"end":{"line":22,"column":9}},"line":9},"3":{"name":"(anonymous_3)","decl":{"start":{"line":26,"column":28},"end":{"line":26,"column":29}},"loc":{"start":{"line":26,"column":35},"end":{"line":32,"column":5}},"line":26}},"branchMap":{},"s":{"0":3,"1":0,"2":0,"3":0,"4":0,"5":0,"6":0,"7":0,"8":0,"9":0,"10":0,"11":0,"12":0},"f":{"0":0,"1":0,"2":0,"3":0},"b":{},"_coverageSchema":"1a1c01bbd47fc00a2c39e90264f33305004495a9","hash":"de463d15fcf1ed6cd62a913371a31e671e7b4c11"}
,"/Users/semhartesfu/FutureProof/LAP3/music-react/src/components/NextButton/index.js": {"path":"/Users/semhartesfu/FutureProof/LAP3/music-react/src/components/NextButton/index.js","statementMap":{"0":{"start":{"line":7,"column":4},"end":{"line":16,"column":5}}},"fnMap":{"0":{"name":"NextButton","decl":{"start":{"line":6,"column":9},"end":{"line":6,"column":19}},"loc":{"start":{"line":6,"column":21},"end":{"line":17,"column":1}},"line":6}},"branchMap":{},"s":{"0":0},"f":{"0":0},"b":{},"_coverageSchema":"1a1c01bbd47fc00a2c39e90264f33305004495a9","hash":"762545306674eae26d8d0b2b3e562dbc22b13f05"}
,"/Users/semhartesfu/FutureProof/LAP3/music-react/src/layout/index.js": {"path":"/Users/semhartesfu/FutureProof/LAP3/music-react/src/layout/index.js","statementMap":{},"fnMap":{},"branchMap":{},"s":{},"f":{},"b":{},"_coverageSchema":"1a1c01bbd47fc00a2c39e90264f33305004495a9","hash":"3d8ae7f93d4c1f1519e77b1e3b8385b3ce72d1a5"}
,"/Users/semhartesfu/FutureProof/LAP3/music-react/src/layout/Footer/index.js": {"path":"/Users/semhartesfu/FutureProof/LAP3/music-react/src/layout/Footer/index.js","statementMap":{"0":{"start":{"line":5,"column":4},"end":{"line":10,"column":5}}},"fnMap":{"0":{"name":"Footer","decl":{"start":{"line":4,"column":9},"end":{"line":4,"column":15}},"loc":{"start":{"line":4,"column":17},"end":{"line":11,"column":1}},"line":4}},"branchMap":{},"s":{"0":1},"f":{"0":1},"b":{},"_coverageSchema":"1a1c01bbd47fc00a2c39e90264f33305004495a9","hash":"e56233a71b4933647d06acbb014cf5878b7c3cc4"}
,"/Users/semhartesfu/FutureProof/LAP3/music-react/src/layout/Header/index.js": {"path":"/Users/semhartesfu/FutureProof/LAP3/music-react/src/layout/Header/index.js","statementMap":{"0":{"start":{"line":9,"column":4},"end":{"line":18,"column":5}}},"fnMap":{"0":{"name":"Header","decl":{"start":{"line":8,"column":9},"end":{"line":8,"column":15}},"loc":{"start":{"line":8,"column":17},"end":{"line":19,"column":1}},"line":8}},"branchMap":{},"s":{"0":2},"f":{"0":2},"b":{},"_coverageSchema":"1a1c01bbd47fc00a2c39e90264f33305004495a9","hash":"55a2477bdebfa0f9fcd1a0c8dd88b0e692fbc21e"}
,"/Users/semhartesfu/FutureProof/LAP3/music-react/src/pages/index.js": {"path":"/Users/semhartesfu/FutureProof/LAP3/music-react/src/pages/index.js","statementMap":{},"fnMap":{},"branchMap":{},"s":{},"f":{},"b":{},"_coverageSchema":"1a1c01bbd47fc00a2c39e90264f33305004495a9","hash":"ec5159b7ddb13b707cda96bddbfd8aa987569f4e"}
,"/Users/semhartesfu/FutureProof/LAP3/music-react/src/pages/Bio/index.js": {"path":"/Users/semhartesfu/FutureProof/LAP3/music-react/src/pages/Bio/index.js","statementMap":{"0":{"start":{"line":4,"column":4},"end":{"line":14,"column":5}}},"fnMap":{"0":{"name":"Bio","decl":{"start":{"line":3,"column":9},"end":{"line":3,"column":12}},"loc":{"start":{"line":3,"column":15},"end":{"line":15,"column":1}},"line":3}},"branchMap":{},"s":{"0":0},"f":{"0":0},"b":{},"_coverageSchema":"1a1c01bbd47fc00a2c39e90264f33305004495a9","hash":"71b661aa7eb5800e6725a2c79c0972c4f2c58623"}
,"/Users/semhartesfu/FutureProof/LAP3/music-react/src/pages/JBMusic/index.js": {"path":"/Users/semhartesfu/FutureProof/LAP3/music-react/src/pages/JBMusic/index.js","statementMap":{"0":{"start":{"line":5,"column":16},"end":{"line":29,"column":1}},"1":{"start":{"line":6,"column":30},"end":{"line":13,"column":6}},"2":{"start":{"line":15,"column":23},"end":{"line":19,"column":5}},"3":{"start":{"line":16,"column":8},"end":{"line":18,"column":10}},"4":{"start":{"line":17,"column":12},"end":{"line":17,"column":43}},"5":{"start":{"line":21,"column":4},"end":{"line":28,"column":5}}},"fnMap":{"0":{"name":"(anonymous_0)","decl":{"start":{"line":5,"column":16},"end":{"line":5,"column":17}},"loc":{"start":{"line":5,"column":22},"end":{"line":29,"column":1}},"line":5},"1":{"name":"(anonymous_1)","decl":{"start":{"line":15,"column":23},"end":{"line":15,"column":24}},"loc":{"start":{"line":15,"column":29},"end":{"line":19,"column":5}},"line":15},"2":{"name":"(anonymous_2)","decl":{"start":{"line":16,"column":25},"end":{"line":16,"column":26}},"loc":{"start":{"line":17,"column":12},"end":{"line":17,"column":43}},"line":17}},"branchMap":{},"s":{"0":3,"1":0,"2":0,"3":0,"4":0,"5":0},"f":{"0":0,"1":0,"2":0},"b":{},"_coverageSchema":"1a1c01bbd47fc00a2c39e90264f33305004495a9","hash":"1185643b24169f2d1418e6c3e2c3fcf175843cd5"}
,"/Users/semhartesfu/FutureProof/LAP3/music-react/src/pages/LandingPage/index.js": {"path":"/Users/semhartesfu/FutureProof/LAP3/music-react/src/pages/LandingPage/index.js","statementMap":{"0":{"start":{"line":8,"column":4},"end":{"line":14,"column":5}}},"fnMap":{"0":{"name":"LandingPage","decl":{"start":{"line":5,"column":9},"end":{"line":5,"column":20}},"loc":{"start":{"line":5,"column":23},"end":{"line":15,"column":1}},"line":5}},"branchMap":{},"s":{"0":0},"f":{"0":0},"b":{},"_coverageSchema":"1a1c01bbd47fc00a2c39e90264f33305004495a9","hash":"21c13f70744cb7eb9f0d50ee7b472acd28426cdf"}
,"/Users/semhartesfu/FutureProof/LAP3/music-react/src/pages/Lyrics/index.js": {"path":"/Users/semhartesfu/FutureProof/LAP3/music-react/src/pages/Lyrics/index.js","statementMap":{"0":{"start":{"line":6,"column":15},"end":{"line":53,"column":1}},"1":{"start":{"line":7,"column":28},"end":{"line":14,"column":6}},"2":{"start":{"line":16,"column":28},"end":{"line":20,"column":5}},"3":{"start":{"line":17,"column":8},"end":{"line":19,"column":10}},"4":{"start":{"line":18,"column":12},"end":{"line":18,"column":40}},"5":{"start":{"line":21,"column":4},"end":{"line":52,"column":5}}},"fnMap":{"0":{"name":"(anonymous_0)","decl":{"start":{"line":6,"column":15},"end":{"line":6,"column":16}},"loc":{"start":{"line":6,"column":21},"end":{"line":53,"column":1}},"line":6},"1":{"name":"(anonymous_1)","decl":{"start":{"line":16,"column":28},"end":{"line":16,"column":29}},"loc":{"start":{"line":16,"column":34},"end":{"line":20,"column":5}},"line":16},"2":{"name":"(anonymous_2)","decl":{"start":{"line":17,"column":24},"end":{"line":17,"column":25}},"loc":{"start":{"line":18,"column":12},"end":{"line":18,"column":40}},"line":18}},"branchMap":{},"s":{"0":3,"1":0,"2":0,"3":0,"4":0,"5":0},"f":{"0":0,"1":0,"2":0},"b":{},"_coverageSchema":"1a1c01bbd47fc00a2c39e90264f33305004495a9","hash":"e9b1eaf276536eefb1297152fb899d55111ca0b6"}
,"/Users/semhartesfu/FutureProof/LAP3/music-react/src/pages/PageNotFound/index.js": {"path":"/Users/semhartesfu/FutureProof/LAP3/music-react/src/pages/PageNotFound/index.js","statementMap":{"0":{"start":{"line":4,"column":4},"end":{"line":9,"column":5}}},"fnMap":{"0":{"name":"PageNotFound","decl":{"start":{"line":3,"column":9},"end":{"line":3,"column":21}},"loc":{"start":{"line":3,"column":23},"end":{"line":10,"column":1}},"line":3}},"branchMap":{},"s":{"0":0},"f":{"0":0},"b":{},"_coverageSchema":"1a1c01bbd47fc00a2c39e90264f33305004495a9","hash":"9398a63ac4145e72d85f3113fa360b2c0cf01b68"}
,"/Users/semhartesfu/FutureProof/LAP3/music-react/src/pages/Photos/index.js": {"path":"/Users/semhartesfu/FutureProof/LAP3/music-react/src/pages/Photos/index.js","statementMap":{"0":{"start":{"line":7,"column":31},"end":{"line":13,"column":6}},"1":{"start":{"line":15,"column":17},"end":{"line":15,"column":28}},"2":{"start":{"line":16,"column":22},"end":{"line":16,"column":57}},"3":{"start":{"line":16,"column":28},"end":{"line":16,"column":57}},"4":{"start":{"line":18,"column":25},"end":{"line":23,"column":5}},"5":{"start":{"line":19,"column":8},"end":{"line":22,"column":13}},"6":{"start":{"line":20,"column":15},"end":{"line":20,"column":71}},"7":{"start":{"line":24,"column":24},"end":{"line":24,"column":36}},"8":{"start":{"line":25,"column":26},"end":{"line":25,"column":67}},"9":{"start":{"line":25,"column":32},"end":{"line":25,"column":67}},"10":{"start":{"line":27,"column":4},"end":{"line":47,"column":5}}},"fnMap":{"0":{"name":"getPhotos","decl":{"start":{"line":6,"column":9},"end":{"line":6,"column":18}},"loc":{"start":{"line":6,"column":20},"end":{"line":48,"column":1}},"line":6},"1":{"name":"(anonymous_1)","decl":{"start":{"line":16,"column":22},"end":{"line":16,"column":23}},"loc":{"start":{"line":16,"column":28},"end":{"line":16,"column":57}},"line":16},"2":{"name":"(anonymous_2)","decl":{"start":{"line":18,"column":25},"end":{"line":18,"column":26}},"loc":{"start":{"line":18,"column":31},"end":{"line":23,"column":5}},"line":18},"3":{"name":"(anonymous_3)","decl":{"start":{"line":19,"column":25},"end":{"line":19,"column":26}},"loc":{"start":{"line":20,"column":15},"end":{"line":20,"column":71}},"line":20},"4":{"name":"(anonymous_4)","decl":{"start":{"line":25,"column":26},"end":{"line":25,"column":27}},"loc":{"start":{"line":25,"column":32},"end":{"line":25,"column":67}},"line":25}},"branchMap":{},"s":{"0":0,"1":0,"2":0,"3":0,"4":0,"5":0,"6":0,"7":0,"8":0,"9":0,"10":0},"f":{"0":0,"1":0,"2":0,"3":0,"4":0},"b":{},"_coverageSchema":"1a1c01bbd47fc00a2c39e90264f33305004495a9","hash":"845991add5771f4ed10ba720857391868cbfbf9f"}
}
