TN:
SF:src/App.js
FN:8,App
FNF:1
FNH:1
FNDA:2,App
DA:9,2
LF:1
LH:1
BRF:0
BRH:0
end_of_record
TN:
SF:src/components/index.js
FNF:0
FNH:0
LF:0
LH:0
BRF:0
BRH:0
end_of_record
TN:
SF:src/components/Albums/index.js
FN:5,(anonymous_0)
FN:9,(anonymous_1)
FN:9,(anonymous_2)
FNF:3
FNH:0
FNDA:0,(anonymous_0)
FNDA:0,(anonymous_1)
FNDA:0,(anonymous_2)
DA:5,3
DA:7,0
DA:9,0
DA:12,0
LF:4
LH:1
BRDA:25,0,0,0
BRDA:25,0,1,0
BRF:2
BRH:0
end_of_record
TN:
SF:src/components/BackButton/index.js
FN:5,BackButton
FNF:1
FNH:1
FNDA:4,BackButton
DA:6,4
DA:8,3
LF:2
LH:2
BRF:0
BRH:0
end_of_record
TN:
SF:src/components/ExploreButton/index.js
FN:5,goToAlbumPage
FNF:1
FNH:1
FNDA:1,goToAlbumPage
DA:6,1
LF:1
LH:1
BRF:0
BRH:0
end_of_record
TN:
SF:src/components/Greeting/index.js
FN:4,Greeting
FN:9,(anonymous_1)
FN:11,(anonymous_2)
FNF:3
FNH:3
FNDA:16,Greeting
FNDA:12,(anonymous_1)
FNDA:1,(anonymous_2)
DA:5,16
DA:6,16
DA:9,16
DA:11,16
DA:12,1
DA:13,1
DA:14,1
DA:17,16
LF:8
LH:8
BRDA:19,0,0,1
BRDA:19,0,1,15
BRF:2
BRH:2
end_of_record
TN:
SF:src/components/IndividualPhotos/index.js
FN:5,GetIndividualPhoto
FNF:1
FNH:0
FNDA:0,GetIndividualPhoto
DA:6,0
DA:7,0
DA:8,0
DA:18,0
LF:4
LH:0
BRF:0
BRH:0
end_of_record
TN:
SF:src/components/LikeButton/index.js
FN:4,LikeButton
FN:9,randomNumber
FN:13,handleLikeButton
FNF:3
FNH:3
FNDA:3,LikeButton
FNDA:3,randomNumber
FNDA:1,handleLikeButton
DA:5,3
DA:6,3
DA:10,3
DA:14,1
DA:15,1
DA:16,1
DA:28,3
LF:7
LH:7
BRDA:31,0,0,2
BRDA:31,0,1,1
BRF:2
BRH:2
end_of_record
TN:
SF:src/components/Listen/index.js
FN:4,(anonymous_0)
FN:8,(anonymous_1)
FN:9,listenToSong
FN:26,(anonymous_3)
FNF:4
FNH:0
FNDA:0,(anonymous_0)
FNDA:0,(anonymous_1)
FNDA:0,listenToSong
FNDA:0,(anonymous_3)
DA:4,3
DA:5,0
DA:6,0
DA:8,0
DA:10,0
DA:17,0
DA:20,0
DA:23,0
DA:26,0
DA:27,0
DA:29,0
DA:30,0
DA:35,0
LF:13
LH:1
BRF:0
BRH:0
end_of_record
TN:
SF:src/components/NextButton/index.js
FN:6,NextButton
FNF:1
FNH:0
FNDA:0,NextButton
DA:7,0
LF:1
LH:0
BRF:0
BRH:0
end_of_record
TN:
SF:src/layout/index.js
FNF:0
FNH:0
LF:0
LH:0
BRF:0
BRH:0
end_of_record
TN:
SF:src/layout/Footer/index.js
FN:4,Footer
FNF:1
FNH:1
FNDA:1,Footer
DA:5,1
LF:1
LH:1
BRF:0
BRH:0
end_of_record
TN:
SF:src/layout/Header/index.js
FN:8,Header
FNF:1
FNH:1
FNDA:2,Header
DA:9,2
LF:1
LH:1
BRF:0
BRH:0
end_of_record
TN:
SF:src/pages/index.js
FNF:0
FNH:0
LF:0
LH:0
BRF:0
BRH:0
end_of_record
TN:
SF:src/pages/Bio/index.js
FN:3,Bio
FNF:1
FNH:0
FNDA:0,Bio
DA:4,0
LF:1
LH:0
BRF:0
BRH:0
end_of_record
TN:
SF:src/pages/JBMusic/index.js
FN:5,(anonymous_0)
FN:15,(anonymous_1)
FN:16,(anonymous_2)
FNF:3
FNH:0
FNDA:0,(anonymous_0)
FNDA:0,(anonymous_1)
FNDA:0,(anonymous_2)
DA:5,3
DA:6,0
DA:15,0
DA:16,0
DA:17,0
DA:21,0
LF:6
LH:1
BRF:0
BRH:0
end_of_record
TN:
SF:src/pages/LandingPage/index.js
FN:5,LandingPage
FNF:1
FNH:0
FNDA:0,LandingPage
DA:8,0
LF:1
LH:0
BRF:0
BRH:0
end_of_record
TN:
SF:src/pages/Lyrics/index.js
FN:6,(anonymous_0)
FN:16,(anonymous_1)
FN:17,(anonymous_2)
FNF:3
FNH:0
FNDA:0,(anonymous_0)
FNDA:0,(anonymous_1)
FNDA:0,(anonymous_2)
DA:6,3
DA:7,0
DA:16,0
DA:17,0
DA:18,0
DA:21,0
LF:6
LH:1
BRF:0
BRH:0
end_of_record
TN:
SF:src/pages/PageNotFound/index.js
FN:3,PageNotFound
FNF:1
FNH:0
FNDA:0,PageNotFound
DA:4,0
LF:1
LH:0
BRF:0
BRH:0
end_of_record
TN:
SF:src/pages/Photos/index.js
FN:6,getPhotos
FN:16,(anonymous_1)
FN:18,(anonymous_2)
FN:19,(anonymous_3)
FN:25,(anonymous_4)
FNF:5
FNH:0
FNDA:0,getPhotos
FNDA:0,(anonymous_1)
FNDA:0,(anonymous_2)
FNDA:0,(anonymous_3)
FNDA:0,(anonymous_4)
DA:7,0
DA:15,0
DA:16,0
DA:18,0
DA:19,0
DA:20,0
DA:24,0
DA:25,0
DA:27,0
LF:9
LH:0
BRF:0
BRH:0
end_of_record
